<?xml version="1.0" encoding="UTF-8"?>
<testsuite xmlns:xsi="http://www.w3.org/2001/XMLSchema-instance" xsi:noNamespaceSchemaLocation="https://maven.apache.org/surefire/maven-failsafe-plugin/xsd/failsafe-test-report.xsd" version="3.0.2" name="com.example.carnival.CarnivalServiceIT" time="18.144" tests="2" errors="0" skipped="0" failures="0" flakes="0">
  <properties>
[...]
</properties>
  <testcase name="publishEventOverwriteReplacesPayload" classname="com.example.carnival.CarnivalServiceIT" time="0.606">
    <system-out><![CDATA[Standard Commons Logging discovery in action with spring-jcl: please remove commons-logging.jar from classpath in order to avoid potential conflicts
16:11:32.254 [main] INFO org.springframework.test.context.support.AnnotationConfigContextLoaderUtils -- Could not detect default configuration classes for test class [com.example.carnival.CarnivalServiceIT]: CarnivalServiceIT does not declare any static, non-private, non-final, nested classes annotated with @Configuration.
16:11:32.290 [main] INFO org.springframework.boot.test.context.SpringBootTestContextBootstrapper -- Found @SpringBootConfiguration com.example.carnival.CarnivalApplication for test class com.example.carnival.CarnivalServiceIT
16:11:32.331 [main] INFO org.testcontainers.images.PullPolicy -- Image pull policy will be performed by: DefaultPullPolicy()
16:11:32.332 [main] INFO org.testcontainers.utility.ImageNameSubstitutor -- Image name substitution will be performed by: DefaultImageNameSubstitutor (composite of 'ConfigurationFileImageNameSubstitutor' and 'PrefixingImageNameSubstitutor')
16:11:32.344 [main] INFO org.testcontainers.DockerClientFactory -- Testcontainers version: 1.21.4
16:11:32.536 [main] INFO org.testcontainers.dockerclient.DockerClientProviderStrategy -- Found Docker environment with Environment variables, system properties and defaults. Resolved dockerHost=unix:///Users/tara/.colima/default/docker.sock
16:11:32.537 [main] INFO org.testcontainers.DockerClientFactory -- Docker host IP address is localhost
16:11:32.550 [main] INFO org.testcontainers.DockerClientFactory -- Connected to docker: 
  Server Version: 29.2.1
  API Version: 1.53
  Operating System: Ubuntu 24.04.4 LTS
  Total Memory: 1959 MB
16:11:32.578 [main] INFO tc.testcontainers/ryuk:0.12.0 -- Creating container for image: testcontainers/ryuk:0.12.0
16:11:32.782 [main] INFO tc.testcontainers/ryuk:0.12.0 -- Container testcontainers/ryuk:0.12.0 is starting: 1a63de1a0c40c16f1a5fe8bcc44db1c3cc26e87fe69e3e3dec684961c9ea3181
16:11:32.959 [main] INFO tc.testcontainers/ryuk:0.12.0 -- Container testcontainers/ryuk:0.12.0 started in PT0.381688S
16:11:32.963 [main] INFO org.testcontainers.utility.RyukResourceReaper -- Ryuk started - will monitor and terminate Testcontainers containers on JVM exit
16:11:32.964 [main] INFO org.testcontainers.DockerClientFactory -- Checking the system...
16:11:32.964 [main] INFO org.testcontainers.DockerClientFactory -- ✔︎ Docker server version should be at least 1.6.0
16:11:32.964 [main] INFO tc.adobe/s3mock:latest -- Creating container for image: adobe/s3mock:latest
16:11:32.983 [main] INFO tc.adobe/s3mock:latest -- Container adobe/s3mock:latest is starting: 4ec76b2afe8b7763e292f17e9305790e92c088b17fa083173c28b1c5b6db4e69
16:11:35.260 [main] INFO tc.adobe/s3mock:latest -- Container adobe/s3mock:latest started in PT2.295957S
[CARNIVAL] line 0
[CARNIVAL] line 1
[CARNIVAL] line 2
[CARNIVAL] line 3
[CARNIVAL] line 4
[CARNIVAL] line 5
[CARNIVAL] line 6
[CARNIVAL] line 7
[CARNIVAL] line 8
[CARNIVAL] line 9
[CARNIVAL] line 10
[CARNIVAL] line 11
[CARNIVAL] line 12
[CARNIVAL] line 13
[CARNIVAL] line 14
[CARNIVAL] line 15
[CARNIVAL] line 16
[CARNIVAL] line 17
[CARNIVAL] line 18
[CARNIVAL] line 19
[CARNIVAL] line 20
[CARNIVAL] line 21
[CARNIVAL] line 22
[CARNIVAL] line 23
[CARNIVAL] line 24
[CARNIVAL] line 25
[CARNIVAL] line 26
[CARNIVAL] line 27
[CARNIVAL] line 28
[CARNIVAL] line 29
[CARNIVAL] line 30
[CARNIVAL] line 31
[CARNIVAL] line 32
[CARNIVAL] line 33
[CARNIVAL] line 34
[CARNIVAL] line 35
[CARNIVAL] line 36
[CARNIVAL] line 37
[CARNIVAL] line 38
[CARNIVAL] line 39
[CARNIVAL] line 40
[CARNIVAL] line 41
[CARNIVAL] line 42
[CARNIVAL] line 43
[CARNIVAL] line 44
[CARNIVAL] line 45
[CARNIVAL] line 46
[CARNIVAL] line 47
[CARNIVAL] line 48
[CARNIVAL] line 49
[CARNIVAL] line 50
[CARNIVAL] line 51
[CARNIVAL] line 52
[CARNIVAL] line 53
[CARNIVAL] line 54
[CARNIVAL] line 55
[CARNIVAL] line 56
[CARNIVAL] line 57
[CARNIVAL] line 58
[CARNIVAL] line 59
[CARNIVAL] line 60
[CARNIVAL] line 61
[CARNIVAL] line 62
[CARNIVAL] line 63
[CARNIVAL] line 64
[CARNIVAL] line 65
[CARNIVAL] line 66
[CARNIVAL] line 67
[CARNIVAL] line 68
[CARNIVAL] line 69
[CARNIVAL] line 70
[CARNIVAL] line 71
[CARNIVAL] line 72
[CARNIVAL] line 73
[CARNIVAL] line 74
[CARNIVAL] line 75
[CARNIVAL] line 76
[CARNIVAL] line 77
[CARNIVAL] line 78
[CARNIVAL] line 79
[CARNIVAL] line 80
[CARNIVAL] line 81
[CARNIVAL] line 82
[CARNIVAL] line 83
[CARNIVAL] line 84
[CARNIVAL] line 85
[CARNIVAL] line 86
[CARNIVAL] line 87
[CARNIVAL] line 88
[CARNIVAL] line 89
[CARNIVAL] line 90
[CARNIVAL] line 91
[CARNIVAL] line 92
[CARNIVAL] line 93
[CARNIVAL] line 94
[CARNIVAL] line 95
[CARNIVAL] line 96
[CARNIVAL] line 97
[CARNIVAL] line 98
[CARNIVAL] line 99
[CARNIVAL] line 100
[CARNIVAL] line 101
[CARNIVAL] line 102
[CARNIVAL] line 103
[CARNIVAL] line 104
[CARNIVAL] line 105
[CARNIVAL] line 106
[CARNIVAL] line 107
[CARNIVAL] line 108
[CARNIVAL] line 109
[CARNIVAL] line 110
[CARNIVAL] line 111
[CARNIVAL] line 112
[CARNIVAL] line 113
[CARNIVAL] line 114
[CARNIVAL] line 115
[CARNIVAL] line 116
[CARNIVAL] line 117
[CARNIVAL] line 118
[CARNIVAL] line 119
[CARNIVAL] line 120
[CARNIVAL] line 121
[CARNIVAL] line 122
[CARNIVAL] line 123
[CARNIVAL] line 124
[CARNIVAL] line 125
[CARNIVAL] line 126
[CARNIVAL] line 127
[CARNIVAL] line 128
[CARNIVAL] line 129
[CARNIVAL] line 130
[CARNIVAL] line 131
[CARNIVAL] line 132
[CARNIVAL] line 133
[CARNIVAL] line 134
[CARNIVAL] line 135
[CARNIVAL] line 136
[CARNIVAL] line 137
[CARNIVAL] line 138
[CARNIVAL] line 139
[CARNIVAL] line 140
[CARNIVAL] line 141
[CARNIVAL] line 142
[CARNIVAL] line 143
[CARNIVAL] line 144
[CARNIVAL] line 145
[CARNIVAL] line 146
[CARNIVAL] line 147
[CARNIVAL] line 148
[CARNIVAL] line 149
[CARNIVAL] line 150
[CARNIVAL] line 151
[CARNIVAL] line 152
[CARNIVAL] line 153
[CARNIVAL] line 154
[CARNIVAL] line 155
[CARNIVAL] line 156
[CARNIVAL] line 157
[CARNIVAL] line 158
[CARNIVAL] line 159
[CARNIVAL] line 160
[CARNIVAL] line 161
[CARNIVAL] line 162
[CARNIVAL] line 163
[CARNIVAL] line 164
[CARNIVAL] line 165
[CARNIVAL] line 166
[CARNIVAL] line 167
[CARNIVAL] line 168
[CARNIVAL] line 169
[CARNIVAL] line 170
[CARNIVAL] line 171
[CARNIVAL] line 172
[CARNIVAL] line 173
[CARNIVAL] line 174
[CARNIVAL] line 175
[CARNIVAL] line 176
[CARNIVAL] line 177
[CARNIVAL] line 178
[CARNIVAL] line 179
[CARNIVAL] line 180
[CARNIVAL] line 181
[CARNIVAL] line 182
[CARNIVAL] line 183
[CARNIVAL] line 184
[CARNIVAL] line 185
[CARNIVAL] line 186
[CARNIVAL] line 187
[CARNIVAL] line 188
[CARNIVAL] line 189
[CARNIVAL] line 190
[CARNIVAL] line 191
[CARNIVAL] line 192
[CARNIVAL] line 193
[CARNIVAL] line 194
[CARNIVAL] line 195
[CARNIVAL] line 196
[CARNIVAL] line 197
[CARNIVAL] line 198
[CARNIVAL] line 199
[CARNIVAL] line 200
[CARNIVAL] line 201
[CARNIVAL] line 202
[CARNIVAL] line 203
[CARNIVAL] line 204
[CARNIVAL] line 205
[CARNIVAL] line 206
[CARNIVAL] line 207
[CARNIVAL] line 208
[CARNIVAL] line 209
[CARNIVAL] line 210
[CARNIVAL] line 211
[CARNIVAL] line 212
[CARNIVAL] line 213
[CARNIVAL] line 214
[CARNIVAL] line 215
[CARNIVAL] line 216
[CARNIVAL] line 217
[CARNIVAL] line 218
[CARNIVAL] line 219
[CARNIVAL] line 220
[CARNIVAL] line 221
[CARNIVAL] line 222
[CARNIVAL] line 223
[CARNIVAL] line 224
[CARNIVAL] line 225
[CARNIVAL] line 226
[CARNIVAL] line 227
[CARNIVAL] line 228
[CARNIVAL] line 229
[CARNIVAL] line 230
[CARNIVAL] line 231
[CARNIVAL] line 232
[CARNIVAL] line 233
[CARNIVAL] line 234
[CARNIVAL] line 235
[CARNIVAL] line 236
[CARNIVAL] line 237
[CARNIVAL] line 238
[CARNIVAL] line 239
[CARNIVAL] line 240
[CARNIVAL] line 241
[CARNIVAL] line 242
[CARNIVAL] line 243
[CARNIVAL] line 244
[CARNIVAL] line 245
[CARNIVAL] line 246
[CARNIVAL] line 247
[CARNIVAL] line 248
[CARNIVAL] line 249

  .   ____          _            __ _ _
 /\\ / ___'_ __ _ _(_)_ __  __ _ \ \ \ \
( ( )\___ | '_ | '_| | '_ \/ _` | \ \ \ \
 \\/  ___)| |_)| | | | | || (_| |  ) ) ) )
  '  |____| .__|_| |_|_| |_\__, | / / / /
 =========|_|==============|___/=/_/_/_/

 :: Spring Boot ::               (v3.5.14)

2026-04-25T16:11:49.362-06:00  INFO 20673 --- [carnival] [           main] com.example.carnival.CarnivalServiceIT   : Starting CarnivalServiceIT using Java 21.0.10 with PID 20673 (started by tara in /Users/tara/dev/staff-engineer/carnival)
2026-04-25T16:11:49.362-06:00  INFO 20673 --- [carnival] [           main] com.example.carnival.CarnivalServiceIT   : No active profile set, falling back to 1 default profile: "default"
2026-04-25T16:11:49.620-06:00  INFO 20673 --- [carnival] [           main] com.example.carnival.CarnivalServiceIT   : Started CarnivalServiceIT in 0.37 seconds (process running for 17.596)
]]></system-out>
    <system-err><![CDATA[Mockito is currently self-attaching to enable the inline-mock-maker. This will no longer work in future releases of the JDK. Please add Mockito as an agent to your build as described in Mockito's documentation: https://javadoc.io/doc/org.mockito/mockito-core/latest/org.mockito/org/mockito/Mockito.html#0.3
WARNING: A Java agent has been loaded dynamically (/Users/tara/.m2/repository/net/bytebuddy/byte-buddy-agent/1.17.8/byte-buddy-agent-1.17.8.jar)
WARNING: If a serviceability tool is in use, please run with -XX:+EnableDynamicAgentLoading to hide this warning
WARNING: If a serviceability tool is not in use, please run with -Djdk.instrument.traceUsage for more information
WARNING: Dynamic loading of agents will be disallowed by default in a future release
]]></system-err>
  </testcase>
  <testcase name="publishEventWritesPayloadAtExpectedKey" classname="com.example.carnival.CarnivalServiceIT" time="0.019"/>
</testsuite>