<?xml version="1.0" encoding="UTF-8"?>
<testsuite xmlns:xsi="http://www.w3.org/2001/XMLSchema-instance" xsi:noNamespaceSchemaLocation="https://maven.apache.org/surefire/maven-surefire-plugin/xsd/surefire-test-report.xsd" version="3.0.2" name="com.example.carnival.EventThrottlerTest" time="0.107" tests="4" errors="0" skipped="0" failures="0" flakes="0">
  <properties>
[...]
</properties>
  <testcase name="tracksLimitsIndependentlyPerType" classname="com.example.carnival.EventThrottlerTest" time="0.03"/>
  <testcase name="allowsEventsUpToLimit" classname="com.example.carnival.EventThrottlerTest" time="0.0"/>
  <testcase name="rejectsEventOnceLimitReached" classname="com.example.carnival.EventThrottlerTest" time="0.0"/>
  <testcase name="allowsEventsAgainAfterWindowExpires" classname="com.example.carnival.EventThrottlerTest" time="0.063"/>
</testsuite>