<?xml version="1.0" encoding="UTF-8"?>
<testsuite xmlns:xsi="http://www.w3.org/2001/XMLSchema-instance" xsi:noNamespaceSchemaLocation="https://maven.apache.org/surefire/maven-failsafe-plugin/xsd/failsafe-test-report.xsd" version="3.0.2" name="com.example.it.CarnivalBarIntegrationIT" time="17.929" tests="2" errors="0" skipped="0" failures="0" flakes="0">
  <properties>
[...]
</properties>
  <testcase name="carnivalOverwriteIsReflectedInBarRead" classname="com.example.it.CarnivalBarIntegrationIT" time="0.704">
    <system-out><![CDATA[Standard Commons Logging discovery in action with spring-jcl: please remove commons-logging.jar from classpath in order to avoid potential conflicts
16:11:50.957 [main] INFO org.testcontainers.images.PullPolicy -- Image pull policy will be performed by: DefaultPullPolicy()
16:11:50.959 [main] INFO org.testcontainers.utility.ImageNameSubstitutor -- Image name substitution will be performed by: DefaultImageNameSubstitutor (composite of 'ConfigurationFileImageNameSubstitutor' and 'PrefixingImageNameSubstitutor')
16:11:50.970 [main] INFO org.testcontainers.DockerClientFactory -- Testcontainers version: 1.21.4
16:11:51.164 [main] INFO org.testcontainers.dockerclient.DockerClientProviderStrategy -- Found Docker environment with Environment variables, system properties and defaults. Resolved dockerHost=unix:///Users/tara/.colima/default/docker.sock
16:11:51.164 [main] INFO org.testcontainers.DockerClientFactory -- Docker host IP address is localhost
16:11:51.177 [main] INFO org.testcontainers.DockerClientFactory -- Connected to docker: 
  Server Version: 29.2.1
  API Version: 1.53
  Operating System: Ubuntu 24.04.4 LTS
  Total Memory: 1959 MB
16:11:51.211 [main] INFO tc.testcontainers/ryuk:0.12.0 -- Creating container for image: testcontainers/ryuk:0.12.0
16:11:51.413 [main] INFO tc.testcontainers/ryuk:0.12.0 -- Container testcontainers/ryuk:0.12.0 is starting: 5dc18aa6c20ef95840eb8ad4ab538877c6ca97367722a6d92bc71923643c5c07
16:11:51.572 [main] INFO tc.testcontainers/ryuk:0.12.0 -- Container testcontainers/ryuk:0.12.0 started in PT0.361058S
16:11:51.576 [main] INFO org.testcontainers.utility.RyukResourceReaper -- Ryuk started - will monitor and terminate Testcontainers containers on JVM exit
16:11:51.576 [main] INFO org.testcontainers.DockerClientFactory -- Checking the system...
16:11:51.576 [main] INFO org.testcontainers.DockerClientFactory -- ✔︎ Docker server version should be at least 1.6.0
16:11:51.577 [main] INFO tc.adobe/s3mock:latest -- Creating container for image: adobe/s3mock:latest
16:11:51.591 [main] INFO tc.adobe/s3mock:latest -- Container adobe/s3mock:latest is starting: 981236adb02548858d1b4efc04149b20db73268068c1b16ef37962eb0d1ebb4b
16:11:53.724 [main] INFO tc.adobe/s3mock:latest -- Container adobe/s3mock:latest started in PT2.147237S
[CARNIVAL-IT] line 0
[CARNIVAL-IT] line 1
[CARNIVAL-IT] line 2
[CARNIVAL-IT] line 3
[CARNIVAL-IT] line 4
[CARNIVAL-IT] line 5
[CARNIVAL-IT] line 6
[CARNIVAL-IT] line 7
[CARNIVAL-IT] line 8
[CARNIVAL-IT] line 9
[CARNIVAL-IT] line 10
[CARNIVAL-IT] line 11
[CARNIVAL-IT] line 12
[CARNIVAL-IT] line 13
[CARNIVAL-IT] line 14
[CARNIVAL-IT] line 15
[CARNIVAL-IT] line 16
[CARNIVAL-IT] line 17
[CARNIVAL-IT] line 18
[CARNIVAL-IT] line 19
[CARNIVAL-IT] line 20
[CARNIVAL-IT] line 21
[CARNIVAL-IT] line 22
[CARNIVAL-IT] line 23
[CARNIVAL-IT] line 24
[CARNIVAL-IT] line 25
[CARNIVAL-IT] line 26
[CARNIVAL-IT] line 27
[CARNIVAL-IT] line 28
[CARNIVAL-IT] line 29
[CARNIVAL-IT] line 30
[CARNIVAL-IT] line 31
[CARNIVAL-IT] line 32
[CARNIVAL-IT] line 33
[CARNIVAL-IT] line 34
[CARNIVAL-IT] line 35
[CARNIVAL-IT] line 36
[CARNIVAL-IT] line 37
[CARNIVAL-IT] line 38
[CARNIVAL-IT] line 39
[CARNIVAL-IT] line 40
[CARNIVAL-IT] line 41
[CARNIVAL-IT] line 42
[CARNIVAL-IT] line 43
[CARNIVAL-IT] line 44
[CARNIVAL-IT] line 45
[CARNIVAL-IT] line 46
[CARNIVAL-IT] line 47
[CARNIVAL-IT] line 48
[CARNIVAL-IT] line 49
[CARNIVAL-IT] line 50
[CARNIVAL-IT] line 51
[CARNIVAL-IT] line 52
[CARNIVAL-IT] line 53
[CARNIVAL-IT] line 54
[CARNIVAL-IT] line 55
[CARNIVAL-IT] line 56
[CARNIVAL-IT] line 57
[CARNIVAL-IT] line 58
[CARNIVAL-IT] line 59
[CARNIVAL-IT] line 60
[CARNIVAL-IT] line 61
[CARNIVAL-IT] line 62
[CARNIVAL-IT] line 63
[CARNIVAL-IT] line 64
[CARNIVAL-IT] line 65
[CARNIVAL-IT] line 66
[CARNIVAL-IT] line 67
[CARNIVAL-IT] line 68
[CARNIVAL-IT] line 69
[CARNIVAL-IT] line 70
[CARNIVAL-IT] line 71
[CARNIVAL-IT] line 72
[CARNIVAL-IT] line 73
[CARNIVAL-IT] line 74
[CARNIVAL-IT] line 75
[CARNIVAL-IT] line 76
[CARNIVAL-IT] line 77
[CARNIVAL-IT] line 78
[CARNIVAL-IT] line 79
[CARNIVAL-IT] line 80
[CARNIVAL-IT] line 81
[CARNIVAL-IT] line 82
[CARNIVAL-IT] line 83
[CARNIVAL-IT] line 84
[CARNIVAL-IT] line 85
[CARNIVAL-IT] line 86
[CARNIVAL-IT] line 87
[CARNIVAL-IT] line 88
[CARNIVAL-IT] line 89
[CARNIVAL-IT] line 90
[CARNIVAL-IT] line 91
[CARNIVAL-IT] line 92
[CARNIVAL-IT] line 93
[CARNIVAL-IT] line 94
[CARNIVAL-IT] line 95
[CARNIVAL-IT] line 96
[CARNIVAL-IT] line 97
[CARNIVAL-IT] line 98
[CARNIVAL-IT] line 99
[CARNIVAL-IT] line 100
[CARNIVAL-IT] line 101
[CARNIVAL-IT] line 102
[CARNIVAL-IT] line 103
[CARNIVAL-IT] line 104
[CARNIVAL-IT] line 105
[CARNIVAL-IT] line 106
[CARNIVAL-IT] line 107
[CARNIVAL-IT] line 108
[CARNIVAL-IT] line 109
[CARNIVAL-IT] line 110
[CARNIVAL-IT] line 111
[CARNIVAL-IT] line 112
[CARNIVAL-IT] line 113
[CARNIVAL-IT] line 114
[CARNIVAL-IT] line 115
[CARNIVAL-IT] line 116
[CARNIVAL-IT] line 117
[CARNIVAL-IT] line 118
[CARNIVAL-IT] line 119
[CARNIVAL-IT] line 120
[CARNIVAL-IT] line 121
[CARNIVAL-IT] line 122
[CARNIVAL-IT] line 123
[CARNIVAL-IT] line 124
[CARNIVAL-IT] line 125
[CARNIVAL-IT] line 126
[CARNIVAL-IT] line 127
[CARNIVAL-IT] line 128
[CARNIVAL-IT] line 129
[CARNIVAL-IT] line 130
[CARNIVAL-IT] line 131
[CARNIVAL-IT] line 132
[CARNIVAL-IT] line 133
[CARNIVAL-IT] line 134
[CARNIVAL-IT] line 135
[CARNIVAL-IT] line 136
[CARNIVAL-IT] line 137
[CARNIVAL-IT] line 138
[CARNIVAL-IT] line 139
[CARNIVAL-IT] line 140
[CARNIVAL-IT] line 141
[CARNIVAL-IT] line 142
[CARNIVAL-IT] line 143
[CARNIVAL-IT] line 144
[CARNIVAL-IT] line 145
[CARNIVAL-IT] line 146
[CARNIVAL-IT] line 147
[CARNIVAL-IT] line 148
[CARNIVAL-IT] line 149
[CARNIVAL-IT] line 150
[CARNIVAL-IT] line 151
[CARNIVAL-IT] line 152
[CARNIVAL-IT] line 153
[CARNIVAL-IT] line 154
[CARNIVAL-IT] line 155
[CARNIVAL-IT] line 156
[CARNIVAL-IT] line 157
[CARNIVAL-IT] line 158
[CARNIVAL-IT] line 159
[CARNIVAL-IT] line 160
[CARNIVAL-IT] line 161
[CARNIVAL-IT] line 162
[CARNIVAL-IT] line 163
[CARNIVAL-IT] line 164
[CARNIVAL-IT] line 165
[CARNIVAL-IT] line 166
[CARNIVAL-IT] line 167
[CARNIVAL-IT] line 168
[CARNIVAL-IT] line 169
[CARNIVAL-IT] line 170
[CARNIVAL-IT] line 171
[CARNIVAL-IT] line 172
[CARNIVAL-IT] line 173
[CARNIVAL-IT] line 174
[CARNIVAL-IT] line 175
[CARNIVAL-IT] line 176
[CARNIVAL-IT] line 177
[CARNIVAL-IT] line 178
[CARNIVAL-IT] line 179
[CARNIVAL-IT] line 180
[CARNIVAL-IT] line 181
[CARNIVAL-IT] line 182
[CARNIVAL-IT] line 183
[CARNIVAL-IT] line 184
[CARNIVAL-IT] line 185
[CARNIVAL-IT] line 186
[CARNIVAL-IT] line 187
[CARNIVAL-IT] line 188
[CARNIVAL-IT] line 189
[CARNIVAL-IT] line 190
[CARNIVAL-IT] line 191
[CARNIVAL-IT] line 192
[CARNIVAL-IT] line 193
[CARNIVAL-IT] line 194
[CARNIVAL-IT] line 195
[CARNIVAL-IT] line 196
[CARNIVAL-IT] line 197
[CARNIVAL-IT] line 198
[CARNIVAL-IT] line 199
[CARNIVAL-IT] line 200
[CARNIVAL-IT] line 201
[CARNIVAL-IT] line 202
[CARNIVAL-IT] line 203
[CARNIVAL-IT] line 204
[CARNIVAL-IT] line 205
[CARNIVAL-IT] line 206
[CARNIVAL-IT] line 207
[CARNIVAL-IT] line 208
[CARNIVAL-IT] line 209
[CARNIVAL-IT] line 210
[CARNIVAL-IT] line 211
[CARNIVAL-IT] line 212
[CARNIVAL-IT] line 213
[CARNIVAL-IT] line 214
[CARNIVAL-IT] line 215
[CARNIVAL-IT] line 216
[CARNIVAL-IT] line 217
[CARNIVAL-IT] line 218
[CARNIVAL-IT] line 219
[CARNIVAL-IT] line 220
[CARNIVAL-IT] line 221
[CARNIVAL-IT] line 222
[CARNIVAL-IT] line 223
[CARNIVAL-IT] line 224
[CARNIVAL-IT] line 225
[CARNIVAL-IT] line 226
[CARNIVAL-IT] line 227
[CARNIVAL-IT] line 228
[CARNIVAL-IT] line 229
[CARNIVAL-IT] line 230
[CARNIVAL-IT] line 231
[CARNIVAL-IT] line 232
[CARNIVAL-IT] line 233
[CARNIVAL-IT] line 234
[CARNIVAL-IT] line 235
[CARNIVAL-IT] line 236
[CARNIVAL-IT] line 237
[CARNIVAL-IT] line 238
[CARNIVAL-IT] line 239
[CARNIVAL-IT] line 240
[CARNIVAL-IT] line 241
[CARNIVAL-IT] line 242
[CARNIVAL-IT] line 243
[CARNIVAL-IT] line 244
[CARNIVAL-IT] line 245
[CARNIVAL-IT] line 246
[CARNIVAL-IT] line 247
[CARNIVAL-IT] line 248
[CARNIVAL-IT] line 249

  .   ____          _            __ _ _
 /\\ / ___'_ __ _ _(_)_ __  __ _ \ \ \ \
( ( )\___ | '_ | '_| | '_ \/ _` | \ \ \ \
 \\/  ___)| |_)| | | | | || (_| |  ) ) ) )
  '  |____| .__|_| |_|_| |_\__, | / / / /
 =========|_|==============|___/=/_/_/_/

 :: Spring Boot ::               (v3.5.14)

2026-04-25T16:12:07.825-06:00  INFO 20729 --- [carnival] [           main] c.example.it.CarnivalBarIntegrationIT    : Starting CarnivalBarIntegrationIT using Java 21.0.10 with PID 20729 (started by tara in /Users/tara/dev/staff-engineer/integration-test)
2026-04-25T16:12:07.825-06:00  INFO 20729 --- [carnival] [           main] c.example.it.CarnivalBarIntegrationIT    : No active profile set, falling back to 1 default profile: "default"
2026-04-25T16:12:07.929-06:00  INFO 20729 --- [carnival] [           main] c.example.it.CarnivalBarIntegrationIT    : Started CarnivalBarIntegrationIT in 0.234 seconds (process running for 17.363)
]]></system-out>
    <system-err><![CDATA[Mockito is currently self-attaching to enable the inline-mock-maker. This will no longer work in future releases of the JDK. Please add Mockito as an agent to your build as described in Mockito's documentation: https://javadoc.io/doc/org.mockito/mockito-core/latest/org.mockito/org/mockito/Mockito.html#0.3
WARNING: A Java agent has been loaded dynamically (/Users/tara/.m2/repository/net/bytebuddy/byte-buddy-agent/1.17.8/byte-buddy-agent-1.17.8.jar)
WARNING: If a serviceability tool is in use, please run with -XX:+EnableDynamicAgentLoading to hide this warning
WARNING: If a serviceability tool is not in use, please run with -Djdk.instrument.traceUsage for more information
WARNING: Dynamic loading of agents will be disallowed by default in a future release
]]></system-err>
  </testcase>
  <testcase name="carnivalPublishesEventAndBarReadsIt" classname="com.example.it.CarnivalBarIntegrationIT" time="0.015"/>
</testsuite>