<?xml version="1.0" encoding="UTF-8"?>
<testsuite xmlns:xsi="http://www.w3.org/2001/XMLSchema-instance" xsi:noNamespaceSchemaLocation="https://maven.apache.org/surefire/maven-failsafe-plugin/xsd/failsafe-test-report.xsd" version="3.0.2" name="com.example.it.CarnivalBarIntegrationIT" time="5.505" tests="4" errors="0" skipped="0" failures="0" flakes="0">
  <properties>
[...]
</properties>
  <testcase name="carnivalPublishesEventAndBarReadsItFromRedis" classname="com.example.it.CarnivalBarIntegrationIT" time="0.497">
    <system-out><![CDATA[Standard Commons Logging discovery in action with spring-jcl: please remove commons-logging.jar from classpath in order to avoid potential conflicts
10:36:00.784 [main] INFO org.testcontainers.images.PullPolicy -- Image pull policy will be performed by: DefaultPullPolicy()
10:36:00.786 [main] INFO org.testcontainers.utility.ImageNameSubstitutor -- Image name substitution will be performed by: DefaultImageNameSubstitutor (composite of 'ConfigurationFileImageNameSubstitutor' and 'PrefixingImageNameSubstitutor')
10:36:00.798 [main] INFO org.testcontainers.DockerClientFactory -- Testcontainers version: 1.21.4
10:36:01.017 [main] INFO org.testcontainers.dockerclient.DockerClientProviderStrategy -- Found Docker environment with Environment variables, system properties and defaults. Resolved dockerHost=unix:///Users/tara/.colima/default/docker.sock
10:36:01.018 [main] INFO org.testcontainers.DockerClientFactory -- Docker host IP address is localhost
10:36:01.027 [main] INFO org.testcontainers.DockerClientFactory -- Connected to docker: 
  Server Version: 29.2.1
  API Version: 1.53
  Operating System: Ubuntu 24.04.4 LTS
  Total Memory: 1959 MB
10:36:01.064 [main] INFO tc.testcontainers/ryuk:0.12.0 -- Creating container for image: testcontainers/ryuk:0.12.0
10:36:01.248 [main] INFO tc.testcontainers/ryuk:0.12.0 -- Container testcontainers/ryuk:0.12.0 is starting: 743ef547f41657e5b06990d7ccc1fd0d6a8714d09737a46341271da4b44510fe
10:36:01.415 [main] INFO tc.testcontainers/ryuk:0.12.0 -- Container testcontainers/ryuk:0.12.0 started in PT0.350833S
10:36:01.419 [main] INFO org.testcontainers.utility.RyukResourceReaper -- Ryuk started - will monitor and terminate Testcontainers containers on JVM exit
10:36:01.419 [main] INFO org.testcontainers.DockerClientFactory -- Checking the system...
10:36:01.419 [main] INFO org.testcontainers.DockerClientFactory -- ✔︎ Docker server version should be at least 1.6.0
10:36:01.419 [main] INFO tc.adobe/s3mock:latest -- Creating container for image: adobe/s3mock:latest
10:36:01.436 [main] INFO tc.adobe/s3mock:latest -- Container adobe/s3mock:latest is starting: 312fd6d7a79ca6e248c11790306978fb113b1676e9a055f77edf25036f1fad14
10:36:03.792 [main] INFO tc.adobe/s3mock:latest -- Container adobe/s3mock:latest started in PT2.372427S
10:36:03.792 [main] INFO tc.redis:7-alpine -- Creating container for image: redis:7-alpine
10:36:03.849 [main] INFO tc.redis:7-alpine -- Container redis:7-alpine is starting: 57181548b6d3951d5b3f198493acb67283f385d811d066e1a64c1a4c3b8d453b
10:36:04.128 [main] INFO tc.redis:7-alpine -- Container redis:7-alpine started in PT0.335865S

  .   ____          _            __ _ _
 /\\ / ___'_ __ _ _(_)_ __  __ _ \ \ \ \
( ( )\___ | '_ | '_| | '_ \/ _` | \ \ \ \
 \\/  ___)| |_)| | | | | || (_| |  ) ) ) )
  '  |____| .__|_| |_|_| |_\__, | / / / /
 =========|_|==============|___/=/_/_/_/

 :: Spring Boot ::               (v3.5.14)

2026-04-26T10:36:04.796-06:00  INFO 42843 --- [carnival] [           main] c.example.it.CarnivalBarIntegrationIT    : Starting CarnivalBarIntegrationIT using Java 21.0.10 with PID 42843 (started by tara in /Users/tara/dev/foo-bar/integration-test)
2026-04-26T10:36:04.797-06:00  INFO 42843 --- [carnival] [           main] c.example.it.CarnivalBarIntegrationIT    : No active profile set, falling back to 1 default profile: "default"
2026-04-26T10:36:05.062-06:00  INFO 42843 --- [carnival] [           main] c.example.it.CarnivalBarIntegrationIT    : Started CarnivalBarIntegrationIT in 0.393 seconds (process running for 4.635)
]]></system-out>
    <system-err><![CDATA[Mockito is currently self-attaching to enable the inline-mock-maker. This will no longer work in future releases of the JDK. Please add Mockito as an agent to your build as described in Mockito's documentation: https://javadoc.io/doc/org.mockito/mockito-core/latest/org.mockito/org/mockito/Mockito.html#0.3
WARNING: A Java agent has been loaded dynamically (/Users/tara/.m2/repository/net/bytebuddy/byte-buddy-agent/1.17.8/byte-buddy-agent-1.17.8.jar)
WARNING: If a serviceability tool is in use, please run with -XX:+EnableDynamicAgentLoading to hide this warning
WARNING: If a serviceability tool is not in use, please run with -Djdk.instrument.traceUsage for more information
WARNING: Dynamic loading of agents will be disallowed by default in a future release
]]></system-err>
  </testcase>
  <testcase name="carnivalPublishesEventAndBarReadsItFromS3" classname="com.example.it.CarnivalBarIntegrationIT" time="0.341"/>
  <testcase name="carnivalOverwriteIsReflectedInBarS3Read" classname="com.example.it.CarnivalBarIntegrationIT" time="0.024"/>
  <testcase name="carnivalRedisOverwriteIsReflectedInBarRead" classname="com.example.it.CarnivalBarIntegrationIT" time="0.003"/>
</testsuite>