<?xml version="1.0" encoding="UTF-8"?>
<testsuite xmlns:xsi="http://www.w3.org/2001/XMLSchema-instance" xsi:noNamespaceSchemaLocation="https://maven.apache.org/surefire/maven-failsafe-plugin/xsd/failsafe-test-report.xsd" version="3.0.2" name="com.example.foo.S3WriterServiceIT" time="23.517" tests="2" errors="0" skipped="0" failures="0" flakes="0">
  <properties>
[...]
</properties>
  <testcase name="overwritingKeyReplacesContent" classname="com.example.foo.S3WriterServiceIT" time="0.663">
    <system-out><![CDATA[Standard Commons Logging discovery in action with spring-jcl: please remove commons-logging.jar from classpath in order to avoid potential conflicts
16:10:49.456 [main] INFO org.springframework.test.context.support.AnnotationConfigContextLoaderUtils -- Could not detect default configuration classes for test class [com.example.foo.S3WriterServiceIT]: S3WriterServiceIT does not declare any static, non-private, non-final, nested classes annotated with @Configuration.
16:10:49.497 [main] INFO org.springframework.boot.test.context.SpringBootTestContextBootstrapper -- Found @SpringBootConfiguration com.example.foo.FooApplication for test class com.example.foo.S3WriterServiceIT
16:10:49.537 [main] INFO org.testcontainers.images.PullPolicy -- Image pull policy will be performed by: DefaultPullPolicy()
16:10:49.538 [main] INFO org.testcontainers.utility.ImageNameSubstitutor -- Image name substitution will be performed by: DefaultImageNameSubstitutor (composite of 'ConfigurationFileImageNameSubstitutor' and 'PrefixingImageNameSubstitutor')
16:10:49.551 [main] INFO org.testcontainers.DockerClientFactory -- Testcontainers version: 1.21.4
16:10:49.884 [main] INFO org.testcontainers.dockerclient.DockerClientProviderStrategy -- Found Docker environment with Environment variables, system properties and defaults. Resolved dockerHost=unix:///Users/tara/.colima/default/docker.sock
16:10:49.884 [main] INFO org.testcontainers.DockerClientFactory -- Docker host IP address is localhost
16:10:49.898 [main] INFO org.testcontainers.DockerClientFactory -- Connected to docker: 
  Server Version: 29.2.1
  API Version: 1.53
  Operating System: Ubuntu 24.04.4 LTS
  Total Memory: 1959 MB
16:10:49.931 [main] INFO tc.testcontainers/ryuk:0.12.0 -- Creating container for image: testcontainers/ryuk:0.12.0
16:10:54.989 [main] INFO tc.testcontainers/ryuk:0.12.0 -- Container testcontainers/ryuk:0.12.0 is starting: 0d7a4c5e212a5cb0c85c915386d38323ed21462bbc85ea891e581546ae45e07d
16:10:55.235 [main] INFO tc.testcontainers/ryuk:0.12.0 -- Container testcontainers/ryuk:0.12.0 started in PT5.303541S
16:10:55.239 [main] INFO org.testcontainers.utility.RyukResourceReaper -- Ryuk started - will monitor and terminate Testcontainers containers on JVM exit
16:10:55.239 [main] INFO org.testcontainers.DockerClientFactory -- Checking the system...
16:10:55.239 [main] INFO org.testcontainers.DockerClientFactory -- ✔︎ Docker server version should be at least 1.6.0
16:10:55.239 [main] INFO tc.adobe/s3mock:latest -- Creating container for image: adobe/s3mock:latest
16:10:55.253 [main] INFO tc.adobe/s3mock:latest -- Container adobe/s3mock:latest is starting: b8cbebe75be91e90f1434543ad83194eaca98e563e3a532ff96e6bdbfdc66ee3
16:10:57.701 [main] INFO tc.adobe/s3mock:latest -- Container adobe/s3mock:latest started in PT2.46171S
[FOO] line 0
[FOO] line 1
[FOO] line 2
[FOO] line 3
[FOO] line 4
[FOO] line 5
[FOO] line 6
[FOO] line 7
[FOO] line 8
[FOO] line 9
[FOO] line 10
[FOO] line 11
[FOO] line 12
[FOO] line 13
[FOO] line 14
[FOO] line 15
[FOO] line 16
[FOO] line 17
[FOO] line 18
[FOO] line 19
[FOO] line 20
[FOO] line 21
[FOO] line 22
[FOO] line 23
[FOO] line 24
[FOO] line 25
[FOO] line 26
[FOO] line 27
[FOO] line 28
[FOO] line 29
[FOO] line 30
[FOO] line 31
[FOO] line 32
[FOO] line 33
[FOO] line 34
[FOO] line 35
[FOO] line 36
[FOO] line 37
[FOO] line 38
[FOO] line 39
[FOO] line 40
[FOO] line 41
[FOO] line 42
[FOO] line 43
[FOO] line 44
[FOO] line 45
[FOO] line 46
[FOO] line 47
[FOO] line 48
[FOO] line 49
[FOO] line 50
[FOO] line 51
[FOO] line 52
[FOO] line 53
[FOO] line 54
[FOO] line 55
[FOO] line 56
[FOO] line 57
[FOO] line 58
[FOO] line 59
[FOO] line 60
[FOO] line 61
[FOO] line 62
[FOO] line 63
[FOO] line 64
[FOO] line 65
[FOO] line 66
[FOO] line 67
[FOO] line 68
[FOO] line 69
[FOO] line 70
[FOO] line 71
[FOO] line 72
[FOO] line 73
[FOO] line 74
[FOO] line 75
[FOO] line 76
[FOO] line 77
[FOO] line 78
[FOO] line 79
[FOO] line 80
[FOO] line 81
[FOO] line 82
[FOO] line 83
[FOO] line 84
[FOO] line 85
[FOO] line 86
[FOO] line 87
[FOO] line 88
[FOO] line 89
[FOO] line 90
[FOO] line 91
[FOO] line 92
[FOO] line 93
[FOO] line 94
[FOO] line 95
[FOO] line 96
[FOO] line 97
[FOO] line 98
[FOO] line 99
[FOO] line 100
[FOO] line 101
[FOO] line 102
[FOO] line 103
[FOO] line 104
[FOO] line 105
[FOO] line 106
[FOO] line 107
[FOO] line 108
[FOO] line 109
[FOO] line 110
[FOO] line 111
[FOO] line 112
[FOO] line 113
[FOO] line 114
[FOO] line 115
[FOO] line 116
[FOO] line 117
[FOO] line 118
[FOO] line 119
[FOO] line 120
[FOO] line 121
[FOO] line 122
[FOO] line 123
[FOO] line 124
[FOO] line 125
[FOO] line 126
[FOO] line 127
[FOO] line 128
[FOO] line 129
[FOO] line 130
[FOO] line 131
[FOO] line 132
[FOO] line 133
[FOO] line 134
[FOO] line 135
[FOO] line 136
[FOO] line 137
[FOO] line 138
[FOO] line 139
[FOO] line 140
[FOO] line 141
[FOO] line 142
[FOO] line 143
[FOO] line 144
[FOO] line 145
[FOO] line 146
[FOO] line 147
[FOO] line 148
[FOO] line 149
[FOO] line 150
[FOO] line 151
[FOO] line 152
[FOO] line 153
[FOO] line 154
[FOO] line 155
[FOO] line 156
[FOO] line 157
[FOO] line 158
[FOO] line 159
[FOO] line 160
[FOO] line 161
[FOO] line 162
[FOO] line 163
[FOO] line 164
[FOO] line 165
[FOO] line 166
[FOO] line 167
[FOO] line 168
[FOO] line 169
[FOO] line 170
[FOO] line 171
[FOO] line 172
[FOO] line 173
[FOO] line 174
[FOO] line 175
[FOO] line 176
[FOO] line 177
[FOO] line 178
[FOO] line 179
[FOO] line 180
[FOO] line 181
[FOO] line 182
[FOO] line 183
[FOO] line 184
[FOO] line 185
[FOO] line 186
[FOO] line 187
[FOO] line 188
[FOO] line 189
[FOO] line 190
[FOO] line 191
[FOO] line 192
[FOO] line 193
[FOO] line 194
[FOO] line 195
[FOO] line 196
[FOO] line 197
[FOO] line 198
[FOO] line 199
[FOO] line 200
[FOO] line 201
[FOO] line 202
[FOO] line 203
[FOO] line 204
[FOO] line 205
[FOO] line 206
[FOO] line 207
[FOO] line 208
[FOO] line 209
[FOO] line 210
[FOO] line 211
[FOO] line 212
[FOO] line 213
[FOO] line 214
[FOO] line 215
[FOO] line 216
[FOO] line 217
[FOO] line 218
[FOO] line 219
[FOO] line 220
[FOO] line 221
[FOO] line 222
[FOO] line 223
[FOO] line 224
[FOO] line 225
[FOO] line 226
[FOO] line 227
[FOO] line 228
[FOO] line 229
[FOO] line 230
[FOO] line 231
[FOO] line 232
[FOO] line 233
[FOO] line 234
[FOO] line 235
[FOO] line 236
[FOO] line 237
[FOO] line 238
[FOO] line 239
[FOO] line 240
[FOO] line 241
[FOO] line 242
[FOO] line 243
[FOO] line 244
[FOO] line 245
[FOO] line 246
[FOO] line 247
[FOO] line 248
[FOO] line 249

  .   ____          _            __ _ _
 /\\ / ___'_ __ _ _(_)_ __  __ _ \ \ \ \
( ( )\___ | '_ | '_| | '_ \/ _` | \ \ \ \
 \\/  ___)| |_)| | | | | || (_| |  ) ) ) )
  '  |____| .__|_| |_|_| |_\__, | / / / /
 =========|_|==============|___/=/_/_/_/

 :: Spring Boot ::               (v3.5.14)

2026-04-25T16:11:11.865-06:00  INFO 20540 --- [foo] [           main] com.example.foo.S3WriterServiceIT        : Starting S3WriterServiceIT using Java 21.0.10 with PID 20540 (started by tara in /Users/tara/dev/staff-engineer/foo)
2026-04-25T16:11:11.866-06:00  INFO 20540 --- [foo] [           main] com.example.foo.S3WriterServiceIT        : No active profile set, falling back to 1 default profile: "default"
2026-04-25T16:11:12.123-06:00  INFO 20540 --- [foo] [           main] com.example.foo.S3WriterServiceIT        : Started S3WriterServiceIT in 0.447 seconds (process running for 22.931)
]]></system-out>
    <system-err><![CDATA[Mockito is currently self-attaching to enable the inline-mock-maker. This will no longer work in future releases of the JDK. Please add Mockito as an agent to your build as described in Mockito's documentation: https://javadoc.io/doc/org.mockito/mockito-core/latest/org.mockito/org/mockito/Mockito.html#0.3
WARNING: A Java agent has been loaded dynamically (/Users/tara/.m2/repository/net/bytebuddy/byte-buddy-agent/1.17.8/byte-buddy-agent-1.17.8.jar)
WARNING: If a serviceability tool is in use, please run with -XX:+EnableDynamicAgentLoading to hide this warning
WARNING: If a serviceability tool is not in use, please run with -Djdk.instrument.traceUsage for more information
WARNING: Dynamic loading of agents will be disallowed by default in a future release
]]></system-err>
  </testcase>
  <testcase name="writesToS3AndContentIsVerifiableDirectly" classname="com.example.foo.S3WriterServiceIT" time="0.014"/>
</testsuite>